# JRE version: OpenJDK Runtime Environment Corretto-17.0.9.8.1 (17.0.9+8) (build 17.0.9+8-LTS)
# Java VM: OpenJDK 64-Bit Server VM Corretto-17.0.9.8.1 (17.0.9+8-LTS, mixed mode, sharing, tiered, compressed oops, compressed class ptrs, g1 gc, windows-amd64)
GC Precious Log:
 CPUs: 8 total, 8 available
 Memory: 7915M
 Large Page Support: Disabled
 NUMA Support: Disabled
 Compressed Oops: Enabled (32-bit)
 Heap Region Size: 1M
 Heap Min Capacity: 8M
 Heap Initial Capacity: 124M
 Heap Max Capacity: 1980M
 Pre-touch: Disabled
 Parallel Workers: 8
 Concurrent Workers: 2
 Concurrent Refinement Workers: 8
 Periodic GC: Disabled
Heap:
 garbage-first heap   total 88064K, used 52219K [0x0000000084400000, 0x0000000100000000)
  region size 1024K, 21 young (21504K), 1 survivors (1024K)
 Metaspace       used 78621K, committed 79232K, reserved 1179648K
  class space    used 10663K, committed 10944K, reserved 1048576K
GC Heap History (20 events):
Event: 26830.833 GC heap before
{Heap before GC invocations=77 (full 0):
 garbage-first heap   total 88064K, used 75284K [0x0000000084400000, 0x0000000100000000)
  region size 1024K, 42 young (43008K), 1 survivors (1024K)
 Metaspace       used 78193K, committed 78912K, reserved 1179648K
  class space    used 10629K, committed 10944K, reserved 1048576K
}
Event: 26830.838 GC heap after
{Heap after GC invocations=78 (full 0):
 garbage-first heap   total 88064K, used 33836K [0x0000000084400000, 0x0000000100000000)
  region size 1024K, 1 young (1024K), 1 survivors (1024K)
 Metaspace       used 78193K, committed 78912K, reserved 1179648K
  class space    used 10629K, committed 10944K, reserved 1048576K
}
Event: 27363.152 GC heap before
{Heap before GC invocations=79 (full 0):
 garbage-first heap   total 88064K, used 75820K [0x0000000084400000, 0x0000000100000000)
  region size 1024K, 42 young (43008K), 1 survivors (1024K)
 Metaspace       used 78190K, committed 78912K, reserved 1179648K
  class space    used 10628K, committed 10944K, reserved 1048576K
}
Event: 27363.156 GC heap after
{Heap after GC invocations=80 (full 0):
 garbage-first heap   total 88064K, used 33873K [0x0000000084400000, 0x0000000100000000)
  region size 1024K, 1 young (1024K), 1 survivors (1024K)
 Metaspace       used 78190K, committed 78912K, reserved 1179648K
  class space    used 10628K, committed 10944K, reserved 1048576K
}
Event: 27402.491 GC heap before
{Heap before GC invocations=80 (full 0):
 garbage-first heap   total 88064K, used 36945K [0x0000000084400000, 0x0000000100000000)
  region size 1024K, 4 young (4096K), 1 survivors (1024K)
 Metaspace       used 78190K, committed 78912K, reserved 1179648K
  class space    used 10628K, committed 10944K, reserved 1048576K
}
Event: 27402.504 GC heap after
{Heap after GC invocations=81 (full 0):
 garbage-first heap   total 88064K, used 33344K [0x0000000084400000, 0x0000000100000000)
  region size 1024K, 1 young (1024K), 1 survivors (1024K)
 Metaspace       used 78190K, committed 78912K, reserved 1179648K
  class space    used 10628K, committed 10944K, reserved 1048576K
}
Event: 27935.234 GC heap before
{Heap before GC invocations=81 (full 0):
 garbage-first heap   total 88064K, used 75328K [0x0000000084400000, 0x0000000100000000)
  region size 1024K, 42 young (43008K), 1 survivors (1024K)
 Metaspace       used 78190K, committed 78912K, reserved 1179648K
  class space    used 10628K, committed 10944K, reserved 1048576K
}
Event: 27935.237 GC heap after
{Heap after GC invocations=82 (full 0):
 garbage-first heap   total 88064K, used 33311K [0x0000000084400000, 0x0000000100000000)
  region size 1024K, 1 young (1024K), 1 survivors (1024K)
 Metaspace       used 78190K, committed 78912K, reserved 1179648K
  class space    used 10628K, committed 10944K, reserved 1048576K
}
Event: 28461.984 GC heap before
{Heap before GC invocations=83 (full 0):
 garbage-first heap   total 88064K, used 75295K [0x0000000084400000, 0x0000000100000000)
  region size 1024K, 42 young (43008K), 1 survivors (1024K)
 Metaspace       used 78198K, committed 78912K, reserved 1179648K
  class space    used 10628K, committed 10944K, reserved 1048576K
}
Event: 28461.988 GC heap after
{Heap after GC invocations=84 (full 0):
 garbage-first heap   total 88064K, used 33449K [0x0000000084400000, 0x0000000100000000)
  region size 1024K, 1 young (1024K), 1 survivors (1024K)
 Metaspace       used 78198K, committed 78912K, reserved 1179648K
  class space    used 10628K, committed 10944K, reserved 1048576K
}
Event: 28480.766 GC heap before
{Heap before GC invocations=84 (full 0):
 garbage-first heap   total 88064K, used 36521K [0x0000000084400000, 0x0000000100000000)
  region size 1024K, 4 young (4096K), 1 survivors (1024K)
 Metaspace       used 78211K, committed 78976K, reserved 1179648K
  class space    used 10628K, committed 10944K, reserved 1048576K
}
Event: 28480.794 GC heap after
{Heap after GC invocations=85 (full 0):
 garbage-first heap   total 88064K, used 33177K [0x0000000084400000, 0x0000000100000000)
  region size 1024K, 1 young (1024K), 1 survivors (1024K)
 Metaspace       used 78211K, committed 78976K, reserved 1179648K
  class space    used 10628K, committed 10944K, reserved 1048576K
}
Event: 32219.927 GC heap before
{Heap before GC invocations=85 (full 0):
 garbage-first heap   total 88064K, used 76185K [0x0000000084400000, 0x0000000100000000)
  region size 1024K, 43 young (44032K), 1 survivors (1024K)
 Metaspace       used 78238K, committed 78976K, reserved 1179648K
  class space    used 10629K, committed 10944K, reserved 1048576K
}
Event: 32219.949 GC heap after
{Heap after GC invocations=86 (full 0):
 garbage-first heap   total 88064K, used 33348K [0x0000000084400000, 0x0000000100000000)
  region size 1024K, 1 young (1024K), 1 survivors (1024K)
 Metaspace       used 78238K, committed 78976K, reserved 1179648K
  class space    used 10629K, committed 10944K, reserved 1048576K
}
Event: 32764.880 GC heap before
{Heap before GC invocations=87 (full 0):
 garbage-first heap   total 88064K, used 76356K [0x0000000084400000, 0x0000000100000000)
  region size 1024K, 43 young (44032K), 1 survivors (1024K)
 Metaspace       used 78238K, committed 78976K, reserved 1179648K
  class space    used 10629K, committed 10944K, reserved 1048576K
}
Event: 32764.886 GC heap after
{Heap after GC invocations=88 (full 0):
 garbage-first heap   total 88064K, used 33348K [0x0000000084400000, 0x0000000100000000)
  region size 1024K, 1 young (1024K), 1 survivors (1024K)
 Metaspace       used 78238K, committed 78976K, reserved 1179648K
  class space    used 10629K, committed 10944K, reserved 1048576K
}
Event: 32804.129 GC heap before
{Heap before GC invocations=88 (full 0):
 garbage-first heap   total 88064K, used 36420K [0x0000000084400000, 0x0000000100000000)
  region size 1024K, 4 young (4096K), 1 survivors (1024K)
 Metaspace       used 78238K, committed 78976K, reserved 1179648K
  class space    used 10629K, committed 10944K, reserved 1048576K
}
Event: 32804.136 GC heap after
{Heap after GC invocations=89 (full 0):
 garbage-first heap   total 88064K, used 32796K [0x0000000084400000, 0x0000000100000000)
  region size 1024K, 1 young (1024K), 1 survivors (1024K)
 Metaspace       used 78238K, committed 78976K, reserved 1179648K
  class space    used 10629K, committed 10944K, reserved 1048576K
}
Event: 33354.959 GC heap before
{Heap before GC invocations=89 (full 0):
 garbage-first heap   total 88064K, used 75804K [0x0000000084400000, 0x0000000100000000)
  region size 1024K, 43 young (44032K), 1 survivors (1024K)
 Metaspace       used 78238K, committed 78976K, reserved 1179648K
  class space    used 10629K, committed 10944K, reserved 1048576K
}
Event: 33354.991 GC heap after
{Heap after GC invocations=90 (full 0):
 garbage-first heap   total 88064K, used 32763K [0x0000000084400000, 0x0000000100000000)
  region size 1024K, 1 young (1024K), 1 survivors (1024K)
 Metaspace       used 78238K, committed 78976K, reserved 1179648K
  class space    used 10629K, committed 10944K, reserved 1048576K
}

